2022-01-11 23:13:17,839 - root - ERROR - setting cursor None to a value not in the list
2022-01-11 23:13:17,839 - root - ERROR - setting cursor None to a value not in the list
2022-01-11 23:13:17,839 - root - ERROR - setting cursor None to a value not in the list
2022-01-11 23:13:17,839 - root - ERROR - setting cursor None to a value not in the list
2022-01-11 23:13:19,378 - root - DEBUG - key handler: b'j' (utf-8), j (decoded)
2022-01-11 23:13:19,893 - root - DEBUG - key handler: b'j' (utf-8), j (decoded)
2022-01-11 23:13:21,192 - root - DEBUG - key handler: b'k' (utf-8), k (decoded)
2022-01-11 23:13:21,759 - root - DEBUG - key handler: b'l' (utf-8), l (decoded)
2022-01-11 23:13:22,630 - root - DEBUG - key handler: b'O' (utf-8), O (decoded)
2022-01-11 23:13:22,630 - root - ERROR - setting cursor Task '', TaskState.PENDING, pr to a value not in the list
2022-01-11 23:13:23,784 - root - DEBUG - Char b'M'
2022-01-11 23:13:24,072 - root - DEBUG - Char b'a'
2022-01-11 23:13:24,290 - root - DEBUG - Char b'y'
2022-01-11 23:13:24,478 - root - DEBUG - Char b'b'
2022-01-11 23:13:24,642 - root - DEBUG - Char b'e'
2022-01-11 23:13:24,751 - root - DEBUG - Char b' '
2022-01-11 23:13:24,892 - root - DEBUG - Char b'e'
2022-01-11 23:13:25,005 - root - DEBUG - Char b'i'
2022-01-11 23:13:25,087 - root - DEBUG - Char b'n'
2022-01-11 23:13:25,245 - root - DEBUG - Char b'e'
2022-01-11 23:13:25,369 - root - DEBUG - Char b'n'
2022-01-11 23:13:25,502 - root - DEBUG - Char b' '
2022-01-11 23:13:26,916 - root - DEBUG - Char b'M'
2022-01-11 23:13:27,102 - root - DEBUG - Char b'a'
2022-01-11 23:13:27,965 - root - DEBUG - Char b'i'
2022-01-11 23:13:28,036 - root - DEBUG - Char b'n'
2022-01-11 23:13:28,218 - root - DEBUG - Char b'-'
2022-01-11 23:13:28,594 - root - DEBUG - Char 263
2022-01-11 23:13:28,753 - root - DEBUG - Char 263
2022-01-11 23:13:28,890 - root - DEBUG - Char 263
2022-01-11 23:13:29,027 - root - DEBUG - Char 263
2022-01-11 23:13:29,175 - root - DEBUG - Char 263
2022-01-11 23:13:29,359 - root - DEBUG - Char 263
2022-01-11 23:13:29,854 - root - DEBUG - Char b' '
2022-01-11 23:13:33,258 - root - DEBUG - Char b'm'
2022-01-11 23:13:33,394 - root - DEBUG - Char b'a'
2022-01-11 23:13:33,638 - root - DEBUG - Char b'i'
2022-01-11 23:13:33,718 - root - DEBUG - Char b'n'
2022-01-11 23:13:33,933 - root - DEBUG - Char b'-'
2022-01-11 23:13:34,371 - root - DEBUG - Char b'n'
2022-01-11 23:13:34,495 - root - DEBUG - Char b'o'
2022-01-11 23:13:34,581 - root - DEBUG - Char b't'
2022-01-11 23:13:34,932 - root - DEBUG - Char b'i'
2022-01-11 23:13:35,154 - root - DEBUG - Char b'z'
2022-01-11 23:13:35,717 - root - DEBUG - Char b'b'
2022-01-11 23:13:35,822 - root - DEBUG - Char b'l'
2022-01-11 23:13:35,974 - root - DEBUG - Char b'o'
2022-01-11 23:13:36,088 - root - DEBUG - Char b'c'
2022-01-11 23:13:36,182 - root - DEBUG - Char b'k'
2022-01-11 23:13:36,394 - root - DEBUG - Char b'?'
2022-01-11 23:13:40,113 - root - DEBUG - Char b'\n'
2022-01-11 23:13:41,065 - root - DEBUG - key handler: b'j' (utf-8), j (decoded)
2022-01-11 23:13:41,383 - root - DEBUG - key handler: b'j' (utf-8), j (decoded)
2022-01-11 23:13:41,651 - root - DEBUG - key handler: b'j' (utf-8), j (decoded)
2022-01-11 23:13:41,887 - root - DEBUG - key handler: b'j' (utf-8), j (decoded)
2022-01-11 23:13:43,093 - root - DEBUG - key handler: b'k' (utf-8), k (decoded)
2022-01-11 23:13:43,279 - root - DEBUG - key handler: b'k' (utf-8), k (decoded)
2022-01-11 23:13:43,719 - root - DEBUG - key handler: b'j' (utf-8), j (decoded)
2022-01-11 23:13:43,896 - root - DEBUG - key handler: b'j' (utf-8), j (decoded)
2022-01-11 23:13:44,069 - root - DEBUG - key handler: b'j' (utf-8), j (decoded)
2022-01-11 23:13:44,247 - root - DEBUG - key handler: b'j' (utf-8), j (decoded)
2022-01-11 23:13:44,435 - root - DEBUG - key handler: b'j' (utf-8), j (decoded)
2022-01-11 23:13:44,648 - root - DEBUG - key handler: b'j' (utf-8), j (decoded)
2022-01-11 23:13:44,836 - root - DEBUG - key handler: b'j' (utf-8), j (decoded)
2022-01-11 23:13:45,027 - root - DEBUG - key handler: b'j' (utf-8), j (decoded)
2022-01-11 23:13:45,642 - root - DEBUG - key handler: b'k' (utf-8), k (decoded)
2022-01-11 23:13:45,812 - root - DEBUG - key handler: b'k' (utf-8), k (decoded)
2022-01-11 23:13:46,991 - root - DEBUG - key handler: b'l' (utf-8), l (decoded)
2022-01-11 23:13:47,309 - root - DEBUG - key handler: b'j' (utf-8), j (decoded)
2022-01-11 23:13:47,486 - root - DEBUG - key handler: b'j' (utf-8), j (decoded)
2022-01-11 23:13:47,642 - root - DEBUG - key handler: b'j' (utf-8), j (decoded)
2022-01-11 23:13:47,820 - root - DEBUG - key handler: b'j' (utf-8), j (decoded)
2022-01-11 23:13:47,998 - root - DEBUG - key handler: b'j' (utf-8), j (decoded)
2022-01-11 23:13:48,190 - root - DEBUG - key handler: b'j' (utf-8), j (decoded)
2022-01-11 23:13:48,391 - root - DEBUG - key handler: b'j' (utf-8), j (decoded)
2022-01-11 23:13:49,090 - root - DEBUG - key handler: b'k' (utf-8), k (decoded)
2022-01-11 23:13:49,785 - root - DEBUG - key handler: b'l' (utf-8), l (decoded)
2022-01-11 23:13:50,109 - root - DEBUG - key handler: b'j' (utf-8), j (decoded)
2022-01-11 23:13:50,839 - root - DEBUG - key handler: b'o' (utf-8), o (decoded)
2022-01-11 23:13:50,840 - root - ERROR - setting cursor Task '', TaskState.PENDING, pr to a value not in the list
2022-01-11 23:13:52,343 - root - DEBUG - Char b'\x1b'
2022-01-11 23:13:53,115 - root - DEBUG - key handler: b'l' (utf-8), l (decoded)
2022-01-11 23:13:55,027 - root - DEBUG - key handler: b'o' (utf-8), o (decoded)
2022-01-11 23:13:55,028 - root - ERROR - setting cursor Task '', TaskState.PENDING, pr to a value not in the list
2022-01-11 23:13:55,761 - root - DEBUG - Char b'A'
2022-01-11 23:13:56,029 - root - DEBUG - Char b'c'
2022-01-11 23:13:56,147 - root - DEBUG - Char b'h'
2022-01-11 23:13:56,233 - root - DEBUG - Char b't'
2022-01-11 23:13:56,348 - root - DEBUG - Char b'u'
2022-01-11 23:13:56,436 - root - DEBUG - Char b'n'
2022-01-11 23:13:56,525 - root - DEBUG - Char b'g'
2022-01-11 23:13:56,700 - root - DEBUG - Char b':'
2022-01-11 23:13:56,905 - root - DEBUG - Char b' '
2022-01-11 23:13:57,047 - root - DEBUG - Char b'm'
2022-01-11 23:13:57,152 - root - DEBUG - Char b'o'
2022-01-11 23:13:57,249 - root - DEBUG - Char b'm'
2022-01-11 23:13:57,371 - root - DEBUG - Char b'e'
2022-01-11 23:13:57,494 - root - DEBUG - Char b'n'
2022-01-11 23:13:57,579 - root - DEBUG - Char b't'
2022-01-11 23:13:57,717 - root - DEBUG - Char b'a'
2022-01-11 23:13:57,809 - root - DEBUG - Char b'n'
2022-01-11 23:13:57,892 - root - DEBUG - Char b' '
2022-01-11 23:14:01,004 - root - DEBUG - Char b'n'
2022-01-11 23:14:01,115 - root - DEBUG - Char b'u'
2022-01-11 23:14:01,158 - root - DEBUG - Char b'r'
2022-01-11 23:14:01,281 - root - DEBUG - Char b' '
2022-01-11 23:14:01,428 - root - DEBUG - Char b'3'
2022-01-11 23:14:01,598 - root - DEBUG - Char b'1'
2022-01-11 23:14:02,349 - root - DEBUG - Char b' '
2022-01-11 23:14:02,561 - root - DEBUG - Char b't'
2022-01-11 23:14:02,673 - root - DEBUG - Char b'e'
2022-01-11 23:14:02,803 - root - DEBUG - Char b'i'
2022-01-11 23:14:03,888 - root - DEBUG - Char 263
2022-01-11 23:14:04,046 - root - DEBUG - Char 263
2022-01-11 23:14:04,211 - root - DEBUG - Char 263
2022-01-11 23:14:04,466 - root - DEBUG - Char b'p'
2022-01-11 23:14:04,585 - root - DEBUG - Char b'a'
2022-01-11 23:14:04,673 - root - DEBUG - Char b'r'
2022-01-11 23:14:04,938 - root - DEBUG - Char b't'
2022-01-11 23:14:05,084 - root - DEBUG - Char b'i'
2022-01-11 23:14:05,182 - root - DEBUG - Char b'c'
2022-01-11 23:14:05,323 - root - DEBUG - Char b'l'
2022-01-11 23:14:05,412 - root - DEBUG - Char b'e'
2022-01-11 23:14:05,505 - root - DEBUG - Char b's'
2022-01-11 23:14:06,902 - root - DEBUG - Char b' '
2022-01-11 23:14:07,410 - root - DEBUG - Char b't'
2022-01-11 23:14:07,612 - root - DEBUG - Char b'i'
2022-01-11 23:14:07,728 - root - DEBUG - Char b'n'
2022-01-11 23:14:07,822 - root - DEBUG - Char b'g'
2022-01-11 23:14:08,151 - root - DEBUG - Char 263
2022-01-11 23:14:08,289 - root - DEBUG - Char 263
2022-01-11 23:14:08,426 - root - DEBUG - Char 263
2022-01-11 23:14:08,571 - root - DEBUG - Char 263
2022-01-11 23:14:09,152 - root - DEBUG - Char b'('
2022-01-11 23:14:09,222 - root - DEBUG - Char b')'
2022-01-11 23:14:10,047 - root - DEBUG - Char 263
2022-01-11 23:14:10,195 - root - DEBUG - Char b't'
2022-01-11 23:14:10,327 - root - DEBUG - Char b'i'
2022-01-11 23:14:10,417 - root - DEBUG - Char b'n'
2022-01-11 23:14:10,677 - root - DEBUG - Char b'j'
2022-01-11 23:14:10,972 - root - DEBUG - Char b' '
2022-01-11 23:14:11,106 - root - DEBUG - Char b'='
2022-01-11 23:14:11,258 - root - DEBUG - Char b' '
2022-01-11 23:14:11,390 - root - DEBUG - Char b'1'
2022-01-11 23:14:11,487 - root - DEBUG - Char b'0'
2022-01-11 23:14:11,756 - root - DEBUG - Char b'('
2022-01-11 23:14:12,564 - root - DEBUG - Char 263
2022-01-11 23:14:12,708 - root - DEBUG - Char b')'
2022-01-11 23:14:13,043 - root - DEBUG - Char b'\n'
2022-01-11 23:14:18,072 - root - DEBUG - key handler: b'k' (utf-8), k (decoded)
2022-01-11 23:14:18,672 - root - DEBUG - key handler: b'j' (utf-8), j (decoded)
2022-01-11 23:14:19,526 - root - DEBUG - key handler: b'k' (utf-8), k (decoded)
2022-01-11 23:14:21,316 - root - DEBUG - key handler: b'k' (utf-8), k (decoded)
2022-01-11 23:14:22,110 - root - DEBUG - key handler: b'j' (utf-8), j (decoded)
2022-01-11 23:14:22,813 - root - DEBUG - key handler: b'k' (utf-8), k (decoded)
2022-01-11 23:14:23,402 - root - DEBUG - key handler: b'l' (utf-8), l (decoded)
2022-01-11 23:14:24,761 - root - DEBUG - key handler: b'E' (utf-8), E (decoded)
2022-01-11 23:14:27,826 - root - DEBUG - key handler: b'j' (utf-8), j (decoded)
2022-01-11 23:14:28,435 - root - DEBUG - key handler: b'E' (utf-8), E (decoded)
2022-01-11 23:14:30,758 - root - DEBUG - key handler: b'k' (utf-8), k (decoded)
2022-01-11 23:14:31,124 - root - DEBUG - key handler: b'k' (utf-8), k (decoded)
2022-01-11 23:14:31,353 - root - DEBUG - key handler: b'k' (utf-8), k (decoded)
2022-01-11 23:14:31,539 - root - DEBUG - key handler: b'k' (utf-8), k (decoded)
2022-01-11 23:14:31,965 - root - DEBUG - key handler: b'k' (utf-8), k (decoded)
2022-01-11 23:14:32,433 - root - DEBUG - key handler: b'k' (utf-8), k (decoded)
2022-01-11 23:14:32,850 - root - DEBUG - key handler: b'k' (utf-8), k (decoded)
2022-01-11 23:14:33,520 - root - DEBUG - key handler: b'k' (utf-8), k (decoded)
2022-01-11 23:14:36,336 - root - DEBUG - key handler: b'k' (utf-8), k (decoded)
2022-01-11 23:14:37,045 - root - DEBUG - key handler: b'l' (utf-8), l (decoded)
2022-01-11 23:14:37,426 - root - DEBUG - key handler: b'j' (utf-8), j (decoded)
2022-01-11 23:14:38,841 - root - DEBUG - key handler: b'R' (utf-8), R (decoded)
2022-01-11 23:14:42,758 - root - DEBUG - key handler: b'D' (utf-8), D (decoded)
2022-01-11 23:14:43,006 - root - DEBUG - key handler: b'R' (utf-8), R (decoded)
2022-01-11 23:14:47,187 - root - DEBUG - key handler: b'E' (utf-8), E (decoded)
2022-01-11 23:14:49,631 - root - DEBUG - key handler: b'e' (utf-8), e (decoded)
2022-01-11 23:14:51,677 - root - DEBUG - key handler: b'E' (utf-8), E (decoded)
2022-01-11 23:14:53,401 - root - DEBUG - key handler: b'f' (utf-8), f (decoded)
2022-01-11 23:14:54,839 - root - DEBUG - key handler: b'k' (utf-8), k (decoded)
2022-01-11 23:14:55,432 - root - DEBUG - key handler: b'j' (utf-8), j (decoded)
2022-01-11 23:14:58,535 - root - DEBUG - key handler: b'c' (utf-8), c (decoded)
2022-01-11 23:14:58,743 - root - DEBUG - key handler: b's' (utf-8), s (decoded)
2022-01-11 23:14:59,544 - root - DEBUG - Char 263
2022-01-11 23:14:59,702 - root - DEBUG - Char 263
2022-01-11 23:14:59,832 - root - DEBUG - Char 263
2022-01-11 23:14:59,970 - root - DEBUG - Char 263
2022-01-11 23:15:00,114 - root - DEBUG - Char 263
2022-01-11 23:15:00,259 - root - DEBUG - Char 263
2022-01-11 23:15:00,405 - root - DEBUG - Char 263
2022-01-11 23:15:00,562 - root - DEBUG - Char 263
2022-01-11 23:15:00,748 - root - DEBUG - Char 263
2022-01-11 23:15:01,040 - root - DEBUG - Char b'_'
2022-01-11 23:15:01,098 - root - DEBUG - Char b'+'
2022-01-11 23:15:01,788 - root - DEBUG - Char 263
2022-01-11 23:15:01,948 - root - DEBUG - Char 263
2022-01-11 23:15:02,168 - root - DEBUG - Char b'+'
2022-01-11 23:15:02,372 - root - DEBUG - Char b'2'
2022-01-11 23:15:02,535 - root - DEBUG - Char b'd'
2022-01-11 23:15:02,920 - root - DEBUG - Char b'\n'
2022-01-11 23:15:08,979 - root - ERROR - setting cursor None to a value not in the list
2022-01-11 23:15:08,979 - root - ERROR - setting cursor None to a value not in the list
2022-01-11 23:15:10,138 - root - DEBUG - Char b'y'
2022-01-11 23:15:10,693 - root - DEBUG - Char b'\n'
2022-01-11 23:15:10,693 - root - ERROR - setting cursor None to a value not in the list
2022-01-11 23:15:10,694 - root - ERROR - setting cursor None to a value not in the list
2022-01-11 23:15:12,178 - root - DEBUG - key handler: b'j' (utf-8), j (decoded)
2022-01-11 23:15:12,478 - root - DEBUG - key handler: b'j' (utf-8), j (decoded)
2022-01-11 23:15:12,818 - root - DEBUG - key handler: b'j' (utf-8), j (decoded)
2022-01-11 23:15:13,551 - root - DEBUG - key handler: b'k' (utf-8), k (decoded)
2022-01-11 23:15:14,132 - root - DEBUG - key handler: b'l' (utf-8), l (decoded)
2022-01-11 23:15:14,612 - root - DEBUG - key handler: b'j' (utf-8), j (decoded)
2022-01-11 23:15:15,938 - root - DEBUG - key handler: b'j' (utf-8), j (decoded)
2022-01-11 23:15:17,171 - root - DEBUG - key handler: b'k' (utf-8), k (decoded)
2022-01-11 23:15:17,749 - root - DEBUG - key handler: b'l' (utf-8), l (decoded)
2022-01-11 23:15:18,268 - root - DEBUG - key handler: b'j' (utf-8), j (decoded)
2022-01-11 23:15:21,721 - root - DEBUG - key handler: b'c' (utf-8), c (decoded)
2022-01-11 23:15:21,952 - root - DEBUG - key handler: b's' (utf-8), s (decoded)
2022-01-11 23:15:22,636 - root - DEBUG - Char 263
2022-01-11 23:15:22,781 - root - DEBUG - Char 263
2022-01-11 23:15:22,926 - root - DEBUG - Char 263
2022-01-11 23:15:23,056 - root - DEBUG - Char 263
2022-01-11 23:15:23,201 - root - DEBUG - Char 263
2022-01-11 23:15:23,343 - root - DEBUG - Char 263
2022-01-11 23:15:23,482 - root - DEBUG - Char 263
2022-01-11 23:15:23,643 - root - DEBUG - Char 263
2022-01-11 23:15:23,800 - root - DEBUG - Char 263
2022-01-11 23:15:23,963 - root - DEBUG - Char 263
2022-01-11 23:15:24,907 - root - DEBUG - Char b't'
2022-01-11 23:15:25,023 - root - DEBUG - Char b'u'
2022-01-11 23:15:25,113 - root - DEBUG - Char b'e'
2022-01-11 23:15:25,216 - root - DEBUG - Char b's'
2022-01-11 23:15:25,436 - root - DEBUG - Char b'd'
2022-01-11 23:15:26,250 - root - DEBUG - Char 263
2022-01-11 23:15:26,359 - root - DEBUG - Char 263
2022-01-11 23:15:26,970 - root - DEBUG - Char b'\n'
2022-01-11 23:15:30,247 - root - DEBUG - key handler: b'k' (utf-8), k (decoded)
2022-01-11 23:15:34,074 - root - DEBUG - key handler: b'c' (utf-8), c (decoded)
2022-01-11 23:15:34,120 - root - DEBUG - key handler: b'd' (utf-8), d (decoded)
2022-01-11 23:15:35,907 - root - DEBUG - Char b'\x1b'
2022-01-11 23:15:41,671 - root - DEBUG - key handler: b'D' (utf-8), D (decoded)
2022-01-11 23:15:42,144 - root - DEBUG - key handler: b'R' (utf-8), R (decoded)
2022-01-11 23:15:44,095 - root - DEBUG - key handler: b'c' (utf-8), c (decoded)
2022-01-11 23:15:44,307 - root - DEBUG - key handler: b's' (utf-8), s (decoded)
2022-01-11 23:15:45,973 - root - DEBUG - Char b'F'
2022-01-11 23:15:46,158 - root - DEBUG - Char b'r'
2022-01-11 23:15:46,304 - root - DEBUG - Char b'i'
2022-01-11 23:15:46,638 - root - DEBUG - Char b'd'
2022-01-11 23:15:46,919 - root - DEBUG - Char b'a'
2022-01-11 23:15:47,130 - root - DEBUG - Char b'y'
2022-01-11 23:15:47,598 - root - DEBUG - Char b'\n'
2022-01-11 23:15:49,114 - root - ERROR - setting cursor None to a value not in the list
2022-01-11 23:15:49,115 - root - ERROR - setting cursor None to a value not in the list
2022-01-11 23:15:50,197 - root - DEBUG - Char b'y'
2022-01-11 23:15:50,476 - root - DEBUG - Char b'\n'
2022-01-11 23:15:50,476 - root - ERROR - setting cursor None to a value not in the list
2022-01-11 23:15:50,477 - root - ERROR - setting cursor None to a value not in the list
2022-01-11 23:15:51,321 - root - DEBUG - key handler: b'j' (utf-8), j (decoded)
2022-01-11 23:15:51,639 - root - DEBUG - key handler: b'j' (utf-8), j (decoded)
2022-01-11 23:15:52,887 - root - DEBUG - key handler: b'k' (utf-8), k (decoded)
2022-01-11 23:15:53,835 - root - DEBUG - key handler: b'l' (utf-8), l (decoded)
2022-01-11 23:15:55,178 - root - DEBUG - key handler: b'j' (utf-8), j (decoded)
2022-01-11 23:15:55,407 - root - DEBUG - key handler: b'j' (utf-8), j (decoded)
2022-01-11 23:15:55,734 - root - DEBUG - key handler: b'j' (utf-8), j (decoded)
2022-01-11 23:15:55,974 - root - DEBUG - key handler: b'j' (utf-8), j (decoded)
2022-01-11 23:15:56,245 - root - DEBUG - key handler: b'j' (utf-8), j (decoded)
2022-01-11 23:16:01,623 - root - DEBUG - key handler: b'o' (utf-8), o (decoded)
2022-01-11 23:16:01,623 - root - ERROR - setting cursor Task '', TaskState.PENDING, pr to a value not in the list
2022-01-11 23:16:08,395 - root - DEBUG - Char b'n'
2022-01-11 23:16:08,513 - root - DEBUG - Char b'i'
2022-01-11 23:16:08,561 - root - DEBUG - Char b'c'
2022-01-11 23:16:08,670 - root - DEBUG - Char b'e'
2022-01-11 23:16:08,761 - root - DEBUG - Char b' '
2022-01-11 23:16:08,861 - root - DEBUG - Char b'd'
2022-01-11 23:16:08,975 - root - DEBUG - Char b'a'
2022-01-11 23:16:09,062 - root - DEBUG - Char b't'
2022-01-11 23:16:09,142 - root - DEBUG - Char b'e'
2022-01-11 23:16:09,270 - root - DEBUG - Char b' '
2022-01-11 23:16:09,401 - root - DEBUG - Char b'i'
2022-01-11 23:16:09,501 - root - DEBUG - Char b'n'
2022-01-11 23:16:09,697 - root - DEBUG - Char b'p'
2022-01-11 23:16:09,916 - root - DEBUG - Char b'u'
2022-01-11 23:16:10,046 - root - DEBUG - Char b't'
2022-01-11 23:16:10,149 - root - DEBUG - Char b' '
2022-01-11 23:16:10,252 - root - DEBUG - Char b'i'
2022-01-11 23:16:10,361 - root - DEBUG - Char b's'
2022-01-11 23:16:10,457 - root - DEBUG - Char b' '
2022-01-11 23:16:10,613 - root - DEBUG - Char b'v'
2022-01-11 23:16:10,729 - root - DEBUG - Char b'e'
2022-01-11 23:16:10,816 - root - DEBUG - Char b'r'
2022-01-11 23:16:11,025 - root - DEBUG - Char b'y'
2022-01-11 23:16:11,186 - root - DEBUG - Char b' '
2022-01-11 23:16:11,735 - root - DEBUG - Char b'b'
2022-01-11 23:16:11,851 - root - DEBUG - Char b'u'
2022-01-11 23:16:12,137 - root - DEBUG - Char b'g'
2022-01-11 23:16:12,300 - root - DEBUG - Char b'g'
2022-01-11 23:16:12,478 - root - DEBUG - Char b'y'
2022-01-11 23:16:13,277 - root - DEBUG - Char b'\n'
2022-01-11 23:16:13,624 - root - DEBUG - key handler: b'j' (utf-8), j (decoded)
2022-01-11 23:16:13,811 - root - DEBUG - key handler: b'j' (utf-8), j (decoded)
2022-01-11 23:16:14,209 - root - DEBUG - key handler: b'j' (utf-8), j (decoded)
2022-01-11 23:16:14,780 - root - DEBUG - key handler: b'j' (utf-8), j (decoded)
2022-01-11 23:16:15,599 - root - DEBUG - key handler: b'k' (utf-8), k (decoded)
2022-01-11 23:16:16,179 - root - DEBUG - key handler: b'l' (utf-8), l (decoded)
2022-01-11 23:16:16,685 - root - DEBUG - key handler: b'j' (utf-8), j (decoded)
2022-01-11 23:16:17,500 - root - DEBUG - key handler: b'l' (utf-8), l (decoded)
2022-01-11 23:16:19,869 - root - DEBUG - key handler: b'c' (utf-8), c (decoded)
2022-01-11 23:16:19,965 - root - DEBUG - key handler: b's' (utf-8), s (decoded)
2022-01-11 23:16:20,340 - root - DEBUG - Char b'f'
2022-01-11 23:16:20,393 - root - DEBUG - Char b'r'
2022-01-11 23:16:20,812 - root - DEBUG - Char b'i'
2022-01-11 23:16:21,140 - root - DEBUG - Char b'\n'
2022-01-11 23:16:30,331 - root - DEBUG - key handler: b'k' (utf-8), k (decoded)
2022-01-11 23:16:31,038 - root - DEBUG - key handler: b'k' (utf-8), k (decoded)
2022-01-11 23:16:31,971 - root - DEBUG - key handler: b'l' (utf-8), l (decoded)
2022-01-11 23:16:33,777 - root - DEBUG - key handler: b'g' (utf-8), g (decoded)
2022-01-11 23:16:36,918 - root - DEBUG - key handler: b'E' (utf-8), E (decoded)
2022-01-11 23:16:43,973 - root - DEBUG - key handler: b'q' (utf-8), q (decoded)
2022-01-11 23:16:44,808 - root - DEBUG - key handler: b'q' (utf-8), q (decoded)
2022-01-12 18:37:31,816 - root - ERROR - setting cursor None to a value not in the list
2022-01-12 18:37:31,817 - root - ERROR - setting cursor None to a value not in the list
2022-01-12 18:37:31,817 - root - ERROR - setting cursor None to a value not in the list
2022-01-12 18:37:31,817 - root - ERROR - setting cursor None to a value not in the list
2022-01-12 18:37:32,709 - root - DEBUG - key handler: b'j' (utf-8), j (decoded)
2022-01-12 18:37:33,318 - root - DEBUG - key handler: b'j' (utf-8), j (decoded)
2022-01-12 18:37:33,990 - root - DEBUG - key handler: b'l' (utf-8), l (decoded)
2022-01-12 18:37:34,432 - root - DEBUG - key handler: b'j' (utf-8), j (decoded)
2022-01-12 18:37:34,723 - root - DEBUG - key handler: b'j' (utf-8), j (decoded)
2022-01-12 18:37:34,993 - root - DEBUG - key handler: b'j' (utf-8), j (decoded)
2022-01-12 18:37:35,296 - root - DEBUG - key handler: b'j' (utf-8), j (decoded)
2022-01-12 18:37:35,589 - root - DEBUG - key handler: b'j' (utf-8), j (decoded)
2022-01-12 18:37:36,371 - root - DEBUG - key handler: b'j' (utf-8), j (decoded)
2022-01-12 18:37:38,145 - root - DEBUG - key handler: b'j' (utf-8), j (decoded)
2022-01-12 18:37:39,388 - root - DEBUG - key handler: b'l' (utf-8), l (decoded)
2022-01-12 18:37:47,345 - root - DEBUG - key handler: b'a' (utf-8), a (decoded)
2022-01-12 18:37:48,609 - root - DEBUG - Char 263
2022-01-12 18:37:48,767 - root - DEBUG - Char 263
2022-01-12 18:37:48,932 - root - DEBUG - Char 263
2022-01-12 18:37:49,126 - root - DEBUG - Char 263
2022-01-12 18:37:51,401 - root - DEBUG - Char b'\x1b'
2022-01-12 18:37:53,412 - root - DEBUG - key handler: b'a' (utf-8), a (decoded)
2022-01-12 18:37:53,830 - root - DEBUG - Char b'a'
2022-01-12 18:37:53,988 - root - DEBUG - Char b'k'
2022-01-12 18:37:54,174 - root - DEBUG - Char b't'
2022-01-12 18:37:54,380 - root - DEBUG - Char b'u'
2022-01-12 18:37:55,015 - root - DEBUG - Char b'e'
2022-01-12 18:37:55,161 - root - DEBUG - Char b'l'
2022-01-12 18:37:55,305 - root - DEBUG - Char b'l'
2022-01-12 18:37:55,421 - root - DEBUG - Char b' '
2022-01-12 18:37:55,966 - root - DEBUG - Char b'K'
2022-01-12 18:37:56,139 - root - DEBUG - Char b'o'
2022-01-12 18:37:56,269 - root - DEBUG - Char b'n'
2022-01-12 18:37:56,314 - root - DEBUG - Char b's'
2022-01-12 18:37:56,402 - root - DEBUG - Char b't'
2022-01-12 18:37:56,492 - root - DEBUG - Char b'a'
2022-01-12 18:37:56,589 - root - DEBUG - Char b'n'
2022-01-12 18:37:56,716 - root - DEBUG - Char b't'
2022-01-12 18:37:56,888 - root - DEBUG - Char b' '
2022-01-12 18:37:57,211 - root - DEBUG - Char b'g'
2022-01-12 18:37:57,332 - root - DEBUG - Char b'e'
2022-01-12 18:37:57,419 - root - DEBUG - Char b's'
2022-01-12 18:37:57,608 - root - DEBUG - Char b'e'
2022-01-12 18:37:57,825 - root - DEBUG - Char b'e'
2022-01-12 18:37:58,017 - root - DEBUG - Char b'd'
2022-01-12 18:37:58,180 - root - DEBUG - Char b'e'
2022-01-12 18:37:58,443 - root - DEBUG - Char b't'
2022-01-12 18:37:59,180 - root - DEBUG - Char b' '
2022-01-12 18:37:59,363 - root - DEBUG - Char b'p'
2022-01-12 18:37:59,483 - root - DEBUG - Char b'r'
2022-01-12 18:37:59,604 - root - DEBUG - Char b'o'
2022-01-12 18:37:59,702 - root - DEBUG - Char b' '
2022-01-12 18:37:59,990 - root - DEBUG - Char b'B'
2022-01-12 18:38:00,207 - root - DEBUG - Char b'a'
2022-01-12 18:38:00,326 - root - DEBUG - Char b't'
2022-01-12 18:38:00,501 - root - DEBUG - Char b'c'
2022-01-12 18:38:00,629 - root - DEBUG - Char b'h'
2022-01-12 18:38:00,717 - root - DEBUG - Char b' '
2022-01-12 18:38:04,102 - root - DEBUG - Char b'z'
2022-01-12 18:38:04,979 - root - DEBUG - Char 263
2022-01-12 18:38:05,226 - root - DEBUG - Char b'f'
2022-01-12 18:38:05,387 - root - DEBUG - Char b'u'
2022-01-12 18:38:05,487 - root - DEBUG - Char b'e'
2022-01-12 18:38:05,586 - root - DEBUG - Char b'r'
2022-01-12 18:38:05,683 - root - DEBUG - Char b' '
2022-01-12 18:38:06,060 - root - DEBUG - Char 263
2022-01-12 18:38:06,218 - root - DEBUG - Char 263
2022-01-12 18:38:06,362 - root - DEBUG - Char 263
2022-01-12 18:38:06,528 - root - DEBUG - Char 263
2022-01-12 18:38:06,795 - root - DEBUG - Char 263
2022-01-12 18:38:08,177 - root - DEBUG - Char b'f'
2022-01-12 18:38:08,301 - root - DEBUG - Char b'u'
2022-01-12 18:38:08,386 - root - DEBUG - Char b'e'
2022-01-12 18:38:08,430 - root - DEBUG - Char b'r'
2022-01-12 18:38:08,523 - root - DEBUG - Char b' '
2022-01-12 18:38:09,234 - root - DEBUG - Char b'V'
2022-01-12 18:38:09,437 - root - DEBUG - Char b'e'
2022-01-12 18:38:09,510 - root - DEBUG - Char b'r'
2022-01-12 18:38:09,695 - root - DEBUG - Char b'g'
2022-01-12 18:38:09,842 - root - DEBUG - Char b'l'
2022-01-12 18:38:09,943 - root - DEBUG - Char b'e'
2022-01-12 18:38:10,038 - root - DEBUG - Char b'i'
2022-01-12 18:38:10,126 - root - DEBUG - Char b'c'
2022-01-12 18:38:10,224 - root - DEBUG - Char b'h'
2022-01-12 18:38:10,328 - root - DEBUG - Char b'b'
2022-01-12 18:38:10,461 - root - DEBUG - Char b'a'
2022-01-12 18:38:10,552 - root - DEBUG - Char b'r'
2022-01-12 18:38:10,691 - root - DEBUG - Char b'k'
2022-01-12 18:38:10,815 - root - DEBUG - Char b'e'
2022-01-12 18:38:10,923 - root - DEBUG - Char b'i'
2022-01-12 18:38:11,022 - root - DEBUG - Char b't'
2022-01-12 18:38:12,225 - root - DEBUG - Char b' '
2022-01-12 18:38:12,331 - root - DEBUG - Char b'-'
2022-01-12 18:38:12,935 - root - DEBUG - Char b'>'
2022-01-12 18:38:13,148 - root - DEBUG - Char b' '
2022-01-12 18:38:13,377 - root - DEBUG - Char b'r'
2022-01-12 18:38:13,507 - root - DEBUG - Char b'a'
2022-01-12 18:38:13,598 - root - DEBUG - Char b'n'
2022-01-12 18:38:13,716 - root - DEBUG - Char b'd'
2022-01-12 18:38:13,819 - root - DEBUG - Char b'o'
2022-01-12 18:38:13,904 - root - DEBUG - Char b'm'
2022-01-12 18:38:13,992 - root - DEBUG - Char b' '
2022-01-12 18:38:14,138 - root - DEBUG - Char b's'
2022-01-12 18:38:14,227 - root - DEBUG - Char b'e'
2022-01-12 18:38:14,421 - root - DEBUG - Char b'e'
2022-01-12 18:38:14,614 - root - DEBUG - Char b'd'
2022-01-12 18:38:14,771 - root - DEBUG - Char b'e'
2022-01-12 18:38:14,899 - root - DEBUG - Char b'n'
2022-01-12 18:38:15,006 - root - DEBUG - Char b' '
2022-01-12 18:38:15,166 - root - DEBUG - Char b'i'
2022-01-12 18:38:15,267 - root - DEBUG - Char b'r'
2022-01-12 18:38:15,412 - root - DEBUG - Char b'g'
2022-01-12 18:38:15,513 - root - DEBUG - Char b'e'
2022-01-12 18:38:15,598 - root - DEBUG - Char b'n'
2022-01-12 18:38:15,709 - root - DEBUG - Char b'd'
2022-01-12 18:38:15,810 - root - DEBUG - Char b'w'
2022-01-12 18:38:15,908 - root - DEBUG - Char b'a'
2022-01-12 18:38:15,996 - root - DEBUG - Char b'n'
2022-01-12 18:38:16,157 - root - DEBUG - Char b'n'
2022-01-12 18:38:16,358 - root - DEBUG - Char b'\n'
2022-01-12 18:38:18,082 - root - DEBUG - Char b'\x1b'
2022-01-12 18:38:19,770 - root - DEBUG - key handler: b'd' (utf-8), d (decoded)
2022-01-12 18:38:19,985 - root - DEBUG - key handler: b'p' (utf-8), p (decoded)
2022-01-12 18:38:21,794 - root - DEBUG - key handler: b'p' (utf-8), p (decoded)
2022-01-12 18:38:23,062 - root - DEBUG - key handler: b'h' (utf-8), h (decoded)
2022-01-12 18:38:23,937 - root - DEBUG - key handler: b'j' (utf-8), j (decoded)
2022-01-12 18:38:24,123 - root - DEBUG - key handler: b'j' (utf-8), j (decoded)
2022-01-12 18:38:24,710 - root - DEBUG - key handler: b'k' (utf-8), k (decoded)
2022-01-12 18:38:25,537 - root - DEBUG - key handler: b'k' (utf-8), k (decoded)
2022-01-12 18:38:25,831 - root - DEBUG - key handler: b'l' (utf-8), l (decoded)
2022-01-12 18:38:26,055 - root - DEBUG - key handler: b'j' (utf-8), j (decoded)
2022-01-12 18:38:27,324 - root - DEBUG - key handler: b'D' (utf-8), D (decoded)
2022-01-12 18:38:27,445 - root - DEBUG - key handler: b'P' (utf-8), P (decoded)
2022-01-12 18:38:28,944 - root - DEBUG - key handler: b'k' (utf-8), k (decoded)
2022-01-12 18:38:30,906 - root - DEBUG - key handler: b'g' (utf-8), g (decoded)
2022-01-12 18:38:33,720 - root - DEBUG - key handler: b'k' (utf-8), k (decoded)
2022-01-12 18:40:32,523 - root - DEBUG - key handler: b'q' (utf-8), q (decoded)
2022-01-12 18:40:33,184 - root - DEBUG - key handler: b'q' (utf-8), q (decoded)
2022-01-12 20:08:03,797 - root - ERROR - setting cursor None to a value not in the list
2022-01-12 20:08:03,797 - root - ERROR - setting cursor None to a value not in the list
2022-01-12 20:08:03,797 - root - ERROR - setting cursor None to a value not in the list
2022-01-12 20:08:03,798 - root - ERROR - setting cursor None to a value not in the list
2022-01-12 20:08:04,931 - root - DEBUG - key handler: b'j' (utf-8), j (decoded)
2022-01-12 20:08:05,503 - root - DEBUG - key handler: b'j' (utf-8), j (decoded)
2022-01-12 20:08:05,985 - root - DEBUG - key handler: b'j' (utf-8), j (decoded)
2022-01-12 20:08:06,677 - root - DEBUG - key handler: b'k' (utf-8), k (decoded)
2022-01-12 20:08:07,203 - root - DEBUG - key handler: b'l' (utf-8), l (decoded)
2022-01-12 20:08:07,626 - root - DEBUG - key handler: b'j' (utf-8), j (decoded)
2022-01-12 20:08:08,035 - root - DEBUG - key handler: b'j' (utf-8), j (decoded)
2022-01-12 20:08:08,508 - root - DEBUG - key handler: b'j' (utf-8), j (decoded)
2022-01-12 20:08:09,145 - root - DEBUG - key handler: b'j' (utf-8), j (decoded)
2022-01-12 20:08:09,646 - root - DEBUG - key handler: b'j' (utf-8), j (decoded)
2022-01-12 20:08:10,141 - root - DEBUG - key handler: b'j' (utf-8), j (decoded)
2022-01-12 20:08:12,367 - root - DEBUG - key handler: b'j' (utf-8), j (decoded)
2022-01-12 20:08:13,044 - root - DEBUG - key handler: b'k' (utf-8), k (decoded)
2022-01-12 20:08:13,463 - root - DEBUG - key handler: b'l' (utf-8), l (decoded)
2022-01-12 20:08:13,878 - root - DEBUG - key handler: b'j' (utf-8), j (decoded)
2022-01-12 20:08:14,559 - root - DEBUG - key handler: b'l' (utf-8), l (decoded)
2022-01-12 20:08:20,763 - root - DEBUG - key handler: b'D' (utf-8), D (decoded)
2022-01-12 20:08:20,892 - root - DEBUG - key handler: b'E' (utf-8), E (decoded)
2022-01-12 20:08:29,770 - root - DEBUG - key handler: b'a' (utf-8), a (decoded)
2022-01-12 20:08:31,298 - root - DEBUG - Char b'\n'
2022-01-12 20:08:31,696 - root - DEBUG - Char b'\n'
2022-01-12 20:08:33,122 - root - DEBUG - Char b'B'
2022-01-12 20:08:33,206 - root - DEBUG - Char b'E'
2022-01-12 20:08:33,370 - root - DEBUG - Char b'H'
2022-01-12 20:08:33,450 - root - DEBUG - Char b'O'
2022-01-12 20:08:33,571 - root - DEBUG - Char b'B'
2022-01-12 20:08:33,651 - root - DEBUG - Char b'E'
2022-01-12 20:08:33,796 - root - DEBUG - Char b'N'
2022-01-12 20:08:34,197 - root - DEBUG - Char b':'
2022-01-12 20:08:34,519 - root - DEBUG - Char b' '
2022-01-12 20:08:36,731 - root - DEBUG - Char b'p'
2022-01-12 20:08:36,917 - root - DEBUG - Char b'r'
2022-01-12 20:08:37,009 - root - DEBUG - Char b'g'
2022-01-12 20:08:38,105 - root - DEBUG - Char b'3'
2022-01-12 20:08:38,164 - root - DEBUG - Char b'2'
2022-01-12 20:08:38,633 - root - DEBUG - Char 263
2022-01-12 20:08:38,805 - root - DEBUG - Char 263
2022-01-12 20:08:38,992 - root - DEBUG - Char 263
2022-01-12 20:08:39,204 - root - DEBUG - Char 263
2022-01-12 20:08:40,100 - root - DEBUG - Char b'c'
2022-01-12 20:08:40,315 - root - DEBUG - Char b'g'
2022-01-12 20:08:43,835 - root - DEBUG - Char b'3'
2022-01-12 20:08:43,916 - root - DEBUG - Char b'2'
2022-01-12 20:08:45,316 - root - DEBUG - Char b'_'
2022-01-12 20:08:45,828 - root - DEBUG - Char b'u'
2022-01-12 20:08:45,942 - root - DEBUG - Char b'n'
2022-01-12 20:08:46,082 - root - DEBUG - Char b'i'
2022-01-12 20:08:46,386 - root - DEBUG - Char b'q'
2022-01-12 20:08:46,527 - root - DEBUG - Char b'u'
2022-01-12 20:08:46,645 - root - DEBUG - Char b'e'
2022-01-12 20:08:46,801 - root - DEBUG - Char b' '
2022-01-12 20:08:47,070 - root - DEBUG - Char b'i'
2022-01-12 20:08:47,147 - root - DEBUG - Char b'n'
2022-01-12 20:08:47,201 - root - DEBUG - Char b's'
2022-01-12 20:08:47,316 - root - DEBUG - Char b't'
2022-01-12 20:08:47,393 - root - DEBUG - Char b'e'
2022-01-12 20:08:47,524 - root - DEBUG - Char b'a'
2022-01-12 20:08:48,005 - root - DEBUG - Char b'd'
2022-01-12 20:08:48,107 - root - DEBUG - Char b' '
2022-01-12 20:08:48,372 - root - DEBUG - Char b'o'
2022-01-12 20:08:48,469 - root - DEBUG - Char b'f'
2022-01-12 20:08:48,560 - root - DEBUG - Char b' '
2022-01-12 20:08:49,155 - root - DEBUG - Char b'p'
2022-01-12 20:08:49,340 - root - DEBUG - Char b'c'
2022-01-12 20:08:49,544 - root - DEBUG - Char b'g'
2022-01-12 20:08:49,784 - root - DEBUG - Char b'3'
2022-01-12 20:08:49,881 - root - DEBUG - Char b'2'
2022-01-12 20:08:50,863 - root - DEBUG - Char b' '
2022-01-12 20:08:51,764 - root - DEBUG - Char b's'
2022-01-12 20:08:51,873 - root - DEBUG - Char b'e'
2022-01-12 20:08:52,103 - root - DEBUG - Char b'e'
2022-01-12 20:08:52,277 - root - DEBUG - Char b'm'
2022-01-12 20:08:52,403 - root - DEBUG - Char b's'
2022-01-12 20:08:52,509 - root - DEBUG - Char b' '
2022-01-12 20:08:52,758 - root - DEBUG - Char b't'
2022-01-12 20:08:52,882 - root - DEBUG - Char b'o'
2022-01-12 20:08:53,003 - root - DEBUG - Char b' '
2022-01-12 20:08:53,358 - root - DEBUG - Char b'f'
2022-01-12 20:08:53,431 - root - DEBUG - Char b'e'
2022-01-12 20:08:54,141 - root - DEBUG - Char 263
2022-01-12 20:08:54,426 - root - DEBUG - Char b'i'
2022-01-12 20:08:54,537 - root - DEBUG - Char b'x'
2022-01-12 20:08:54,701 - root - DEBUG - Char b' '
2022-01-12 20:08:54,925 - root - DEBUG - Char b't'
2022-01-12 20:08:55,056 - root - DEBUG - Char b'h'
2022-01-12 20:08:55,142 - root - DEBUG - Char b'i'
2022-01-12 20:08:55,246 - root - DEBUG - Char b's'
2022-01-12 20:08:56,950 - root - DEBUG - Char b'\x1b'
2022-01-12 20:08:59,379 - root - DEBUG - key handler: b'j' (utf-8), j (decoded)
2022-01-12 20:09:01,900 - root - DEBUG - key handler: b'd' (utf-8), d (decoded)
2022-01-12 20:09:02,608 - root - DEBUG - key handler: b'k' (utf-8), k (decoded)
2022-01-12 20:09:07,110 - root - DEBUG - key handler: b'l' (utf-8), l (decoded)
2022-01-12 20:09:08,094 - root - DEBUG - key handler: b'g' (utf-8), g (decoded)
2022-01-12 20:09:09,047 - root - DEBUG - key handler: b'j' (utf-8), j (decoded)
2022-01-12 20:09:09,847 - root - DEBUG - key handler: b'k' (utf-8), k (decoded)
2022-01-12 20:09:10,559 - root - DEBUG - key handler: b'k' (utf-8), k (decoded)
2022-01-12 20:09:11,352 - root - DEBUG - key handler: b'j' (utf-8), j (decoded)
2022-01-12 20:09:13,286 - root - DEBUG - key handler: b'j' (utf-8), j (decoded)
2022-01-12 20:09:13,999 - root - DEBUG - key handler: b'k' (utf-8), k (decoded)
2022-01-12 20:09:14,607 - root - DEBUG - key handler: b'k' (utf-8), k (decoded)
2022-01-12 20:09:15,904 - root - DEBUG - key handler: b'j' (utf-8), j (decoded)
2022-01-12 20:09:16,512 - root - DEBUG - key handler: b'j' (utf-8), j (decoded)
2022-01-12 20:09:20,852 - root - DEBUG - key handler: b'j' (utf-8), j (decoded)
2022-01-12 20:09:21,691 - root - DEBUG - key handler: b'j' (utf-8), j (decoded)
2022-01-12 20:09:22,341 - root - DEBUG - key handler: b'j' (utf-8), j (decoded)
2022-01-12 20:09:23,034 - root - DEBUG - key handler: b'j' (utf-8), j (decoded)
2022-01-12 20:09:24,945 - root - DEBUG - key handler: b'l' (utf-8), l (decoded)
2022-01-12 20:09:25,739 - root - DEBUG - key handler: b'j' (utf-8), j (decoded)
2022-01-12 20:09:26,692 - root - DEBUG - key handler: b'k' (utf-8), k (decoded)
2022-01-12 20:09:26,991 - root - DEBUG - key handler: b'l' (utf-8), l (decoded)
2022-01-12 20:09:27,435 - root - DEBUG - key handler: b'j' (utf-8), j (decoded)
2022-01-12 20:09:28,076 - root - DEBUG - key handler: b'j' (utf-8), j (decoded)
2022-01-12 20:09:28,515 - root - DEBUG - key handler: b'g' (utf-8), g (decoded)
2022-01-12 20:09:29,406 - root - DEBUG - key handler: b'k' (utf-8), k (decoded)
2022-01-12 20:09:30,450 - root - DEBUG - key handler: b'k' (utf-8), k (decoded)
2022-01-12 20:09:30,974 - root - DEBUG - key handler: b'k' (utf-8), k (decoded)
2022-01-12 20:09:33,017 - root - DEBUG - key handler: b'k' (utf-8), k (decoded)
2022-01-12 20:09:33,632 - root - DEBUG - key handler: b'k' (utf-8), k (decoded)
2022-01-12 20:09:34,231 - root - DEBUG - key handler: b'k' (utf-8), k (decoded)
2022-01-12 20:09:34,813 - root - DEBUG - key handler: b'l' (utf-8), l (decoded)
2022-01-12 20:09:35,054 - root - DEBUG - key handler: b'j' (utf-8), j (decoded)
2022-01-12 20:09:35,423 - root - DEBUG - key handler: b'j' (utf-8), j (decoded)
2022-01-12 20:44:48,725 - root - DEBUG - key handler: b'q' (utf-8), q (decoded)
2022-01-12 20:44:49,671 - root - DEBUG - key handler: b'q' (utf-8), q (decoded)
2022-01-12 20:44:51,080 - root - ERROR - setting cursor None to a value not in the list
2022-01-12 20:44:51,080 - root - ERROR - setting cursor None to a value not in the list
2022-01-12 20:44:51,081 - root - ERROR - setting cursor None to a value not in the list
2022-01-12 20:44:51,081 - root - ERROR - setting cursor None to a value not in the list
2022-01-12 20:44:52,287 - root - DEBUG - key handler: b'W' (utf-8), W (decoded)
2022-01-12 20:44:52,915 - root - DEBUG - key handler: b'q' (utf-8), q (decoded)
2022-01-12 20:44:53,636 - root - DEBUG - key handler: b'q' (utf-8), q (decoded)
2022-01-15 13:40:49,988 - root - ERROR - setting cursor None to a value not in the list
2022-01-15 13:40:49,992 - root - ERROR - setting cursor None to a value not in the list
2022-01-15 13:40:51,042 - root - DEBUG - Char b'y'
2022-01-15 13:40:51,348 - root - DEBUG - Char b'\n'
2022-01-15 13:40:51,349 - root - ERROR - setting cursor None to a value not in the list
2022-01-15 13:40:51,349 - root - ERROR - setting cursor None to a value not in the list
2022-01-15 13:40:52,638 - root - DEBUG - key handler: b'j' (utf-8), j (decoded)
2022-01-15 13:40:52,857 - root - DEBUG - key handler: b'j' (utf-8), j (decoded)
2022-01-15 13:40:53,069 - root - DEBUG - key handler: b'j' (utf-8), j (decoded)
2022-01-15 13:40:53,971 - root - DEBUG - key handler: b'l' (utf-8), l (decoded)
2022-01-15 13:40:54,202 - root - DEBUG - key handler: b'j' (utf-8), j (decoded)
2022-01-15 13:40:54,382 - root - DEBUG - key handler: b'j' (utf-8), j (decoded)
2022-01-15 13:40:54,550 - root - DEBUG - key handler: b'j' (utf-8), j (decoded)
2022-01-15 13:40:54,750 - root - DEBUG - key handler: b'j' (utf-8), j (decoded)
2022-01-15 13:40:54,962 - root - DEBUG - key handler: b'j' (utf-8), j (decoded)
2022-01-15 13:40:55,438 - root - DEBUG - key handler: b'j' (utf-8), j (decoded)
2022-01-15 13:40:58,465 - root - DEBUG - key handler: b'l' (utf-8), l (decoded)
2022-01-15 13:40:59,478 - root - DEBUG - key handler: b'O' (utf-8), O (decoded)
2022-01-15 13:40:59,479 - root - ERROR - setting cursor Task '', TaskState.PENDING, pr to a value not in the list
2022-01-15 13:41:00,591 - root - DEBUG - Char b'C'
2022-01-15 13:41:01,545 - root - DEBUG - Char 263
2022-01-15 13:41:01,743 - root - DEBUG - Char b'I'
2022-01-15 13:41:01,895 - root - DEBUG - Char b'n'
2022-01-15 13:41:02,005 - root - DEBUG - Char b'f'
2022-01-15 13:41:02,131 - root - DEBUG - Char b'l'
2022-01-15 13:41:02,343 - root - DEBUG - Char b'u'
2022-01-15 13:41:02,441 - root - DEBUG - Char b'e'
2022-01-15 13:41:02,540 - root - DEBUG - Char b'n'
2022-01-15 13:41:02,677 - root - DEBUG - Char b'c'
2022-01-15 13:41:02,774 - root - DEBUG - Char b'e'
2022-01-15 13:41:02,855 - root - DEBUG - Char b' '
2022-01-15 13:41:02,948 - root - DEBUG - Char b'o'
2022-01-15 13:41:03,048 - root - DEBUG - Char b'f'
2022-01-15 13:41:03,140 - root - DEBUG - Char b' '
2022-01-15 13:41:03,317 - root - DEBUG - Char b'c'
2022-01-15 13:41:03,395 - root - DEBUG - Char b'o'
2022-01-15 13:41:03,475 - root - DEBUG - Char b'n'
2022-01-15 13:41:03,590 - root - DEBUG - Char b'f'
2022-01-15 13:41:03,655 - root - DEBUG - Char b'i'
2022-01-15 13:41:03,748 - root - DEBUG - Char b'n'
2022-01-15 13:41:03,875 - root - DEBUG - Char b'e'
2022-01-15 13:41:04,169 - root - DEBUG - Char b'm'
2022-01-15 13:41:04,298 - root - DEBUG - Char b'e'
2022-01-15 13:41:04,364 - root - DEBUG - Char b'n'
2022-01-15 13:41:04,496 - root - DEBUG - Char b't'
2022-01-15 13:41:04,696 - root - DEBUG - Char b'\x1b'
2022-01-15 13:41:05,955 - root - DEBUG - key handler: b'q' (utf-8), q (decoded)
2022-01-15 13:41:06,123 - root - DEBUG - key handler: b'q' (utf-8), q (decoded)
